  pch.cpp
  BridgeCore.cpp
  BusFactory.cpp
E:\study\msg\libminimsgbus\MSVG\LibMiniMsgBus\MsgDef.h(118,15): warning C4305: “初始化”: 从“int”到“char”截断
E:\study\msg\libminimsgbus\MSVG\LibMiniMsgBus\MsgDef.h(118,16): warning C4309: “初始化”: 截断常量值
E:\study\LibMiniMsgBus\Uitl\Tools.h(25,13): warning C4244: “=”: 从“int64_t”转换到“char”，可能丢失数据
E:\study\LibMiniMsgBus\Uitl\Tools.h(26,17): warning C4244: “=”: 从“int64_t”转换到“char”，可能丢失数据
E:\study\LibMiniMsgBus\Uitl\Tools.h(27,17): warning C4244: “=”: 从“int64_t”转换到“char”，可能丢失数据
E:\study\LibMiniMsgBus\Uitl\Tools.h(28,17): warning C4244: “=”: 从“int64_t”转换到“char”，可能丢失数据
E:\study\LibMiniMsgBus\Uitl\Tools.h(29,17): warning C4244: “=”: 从“int64_t”转换到“char”，可能丢失数据
E:\study\LibMiniMsgBus\Uitl\Tools.h(30,17): warning C4244: “=”: 从“int64_t”转换到“char”，可能丢失数据
E:\study\LibMiniMsgBus\Uitl\Tools.h(31,17): warning C4244: “=”: 从“int64_t”转换到“char”，可能丢失数据
E:\study\msg\libminimsgbus\MSVG\LibMiniMsgBus\Util.h(24,1): warning C4267: “参数”: 从“size_t”转换到“int”，可能丢失数据
E:\study\msg\libminimsgbus\MSVG\LibMiniMsgBus\Util.h(113,1): warning C4267: “初始化”: 从“size_t”转换到“int”，可能丢失数据
E:\study\msg\libminimsgbus\MSVG\LibMiniMsgBus\Util.h(134,28): warning C4018: “<”: 有符号/无符号不匹配
E:\study\msg\libminimsgbus\MSVG\LibMiniMsgBus\BusFactory.cpp(9,2): warning C4273: “libminimsgbus::BusFactory::Create”: dll 链接不一致
E:\study\msg\libminimsgbus\MSVG\LibMiniMsgBus\BusFactory.h(26,31): message : 参见“Create”的前一个定义
E:\study\msg\libminimsgbus\MSVG\LibMiniMsgBus\BusFactory.cpp(38,5): warning C4273: “libminimsgbus::BusFactory::CreatePoint”: dll 链接不一致
E:\study\msg\libminimsgbus\MSVG\LibMiniMsgBus\BusFactory.h(33,31): message : 参见“CreatePoint”的前一个定义
  dllmain.cpp
  IMiniMsgBus.cpp
  InprocMsgBus.cpp
  IpcMsgBus.cpp
  IPtPNet.cpp
  LocalTopic.cpp
E:\study\msg\libminimsgbus\MSVG\LibMiniMsgBus\MsgDef.h(118,15): warning C4305: “初始化”: 从“int”到“char”截断
E:\study\msg\libminimsgbus\MSVG\LibMiniMsgBus\MsgDef.h(118,16): warning C4309: “初始化”: 截断常量值
E:\study\LibMiniMsgBus\Uitl\Tools.h(25,13): warning C4244: “=”: 从“int64_t”转换到“char”，可能丢失数据
E:\study\LibMiniMsgBus\Uitl\Tools.h(26,17): warning C4244: “=”: 从“int64_t”转换到“char”，可能丢失数据
E:\study\LibMiniMsgBus\Uitl\Tools.h(27,17): warning C4244: “=”: 从“int64_t”转换到“char”，可能丢失数据
E:\study\LibMiniMsgBus\Uitl\Tools.h(28,17): warning C4244: “=”: 从“int64_t”转换到“char”，可能丢失数据
E:\study\LibMiniMsgBus\Uitl\Tools.h(29,17): warning C4244: “=”: 从“int64_t”转换到“char”，可能丢失数据
E:\study\LibMiniMsgBus\Uitl\Tools.h(30,17): warning C4244: “=”: 从“int64_t”转换到“char”，可能丢失数据
E:\study\LibMiniMsgBus\Uitl\Tools.h(31,17): warning C4244: “=”: 从“int64_t”转换到“char”，可能丢失数据
E:\study\msg\libminimsgbus\MSVG\LibMiniMsgBus\Util.h(24,1): warning C4267: “参数”: 从“size_t”转换到“int”，可能丢失数据
E:\study\msg\libminimsgbus\MSVG\LibMiniMsgBus\Util.h(113,1): warning C4267: “初始化”: 从“size_t”转换到“int”，可能丢失数据
E:\study\msg\libminimsgbus\MSVG\LibMiniMsgBus\Util.h(134,28): warning C4018: “<”: 有符号/无符号不匹配
  MsgLocalNode.cpp
E:\study\msg\libminimsgbus\MSVG\LibMiniMsgBus\MsgDef.h(118,15): warning C4305: “初始化”: 从“int”到“char”截断
E:\study\msg\libminimsgbus\MSVG\LibMiniMsgBus\MsgDef.h(118,16): warning C4309: “初始化”: 截断常量值
E:\study\LibMiniMsgBus\Uitl\Tools.h(25,13): warning C4244: “=”: 从“int64_t”转换到“char”，可能丢失数据
E:\study\LibMiniMsgBus\Uitl\Tools.h(26,17): warning C4244: “=”: 从“int64_t”转换到“char”，可能丢失数据
E:\study\LibMiniMsgBus\Uitl\Tools.h(27,17): warning C4244: “=”: 从“int64_t”转换到“char”，可能丢失数据
E:\study\LibMiniMsgBus\Uitl\Tools.h(28,17): warning C4244: “=”: 从“int64_t”转换到“char”，可能丢失数据
E:\study\LibMiniMsgBus\Uitl\Tools.h(29,17): warning C4244: “=”: 从“int64_t”转换到“char”，可能丢失数据
E:\study\LibMiniMsgBus\Uitl\Tools.h(30,17): warning C4244: “=”: 从“int64_t”转换到“char”，可能丢失数据
E:\study\LibMiniMsgBus\Uitl\Tools.h(31,17): warning C4244: “=”: 从“int64_t”转换到“char”，可能丢失数据
E:\study\msg\libminimsgbus\MSVG\LibMiniMsgBus\Util.h(24,1): warning C4267: “参数”: 从“size_t”转换到“int”，可能丢失数据
E:\study\msg\libminimsgbus\MSVG\LibMiniMsgBus\Util.h(113,1): warning C4267: “初始化”: 从“size_t”转换到“int”，可能丢失数据
E:\study\msg\libminimsgbus\MSVG\LibMiniMsgBus\Util.h(134,28): warning C4018: “<”: 有符号/无符号不匹配
  msgtopic.cpp
E:\study\msg\libminimsgbus\MSVG\LibMiniMsgBus\MsgDef.h(118,15): warning C4305: “初始化”: 从“int”到“char”截断
E:\study\msg\libminimsgbus\MSVG\LibMiniMsgBus\MsgDef.h(118,16): warning C4309: “初始化”: 截断常量值
E:\study\LibMiniMsgBus\Uitl\Tools.h(25,13): warning C4244: “=”: 从“int64_t”转换到“char”，可能丢失数据
E:\study\LibMiniMsgBus\Uitl\Tools.h(26,17): warning C4244: “=”: 从“int64_t”转换到“char”，可能丢失数据
E:\study\LibMiniMsgBus\Uitl\Tools.h(27,17): warning C4244: “=”: 从“int64_t”转换到“char”，可能丢失数据
E:\study\LibMiniMsgBus\Uitl\Tools.h(28,17): warning C4244: “=”: 从“int64_t”转换到“char”，可能丢失数据
E:\study\LibMiniMsgBus\Uitl\Tools.h(29,17): warning C4244: “=”: 从“int64_t”转换到“char”，可能丢失数据
E:\study\LibMiniMsgBus\Uitl\Tools.h(30,17): warning C4244: “=”: 从“int64_t”转换到“char”，可能丢失数据
E:\study\LibMiniMsgBus\Uitl\Tools.h(31,17): warning C4244: “=”: 从“int64_t”转换到“char”，可能丢失数据
E:\study\msg\libminimsgbus\MSVG\LibMiniMsgBus\Util.h(24,1): warning C4267: “参数”: 从“size_t”转换到“int”，可能丢失数据
E:\study\msg\libminimsgbus\MSVG\LibMiniMsgBus\Util.h(113,1): warning C4267: “初始化”: 从“size_t”转换到“int”，可能丢失数据
E:\study\msg\libminimsgbus\MSVG\LibMiniMsgBus\Util.h(134,28): warning C4018: “<”: 有符号/无符号不匹配
E:\study\msg\libminimsgbus\MSVG\LibMiniMsgBus\msgtopic.cpp(7,5): warning C4273: “libminimsgbus::msgtopic::msgtopic”: dll 链接不一致
E:\study\msg\libminimsgbus\MSVG\LibMiniMsgBus\msgtopic.h(29,9): message : 参见“{ctor}”的前一个定义
E:\study\msg\libminimsgbus\MSVG\LibMiniMsgBus\msgtopic.cpp(11,5): warning C4273: “libminimsgbus::msgtopic::~msgtopic”: dll 链接不一致
E:\study\msg\libminimsgbus\MSVG\LibMiniMsgBus\msgtopic.h(31,19): message : 参见“{dtor}”的前一个定义
E:\study\msg\libminimsgbus\MSVG\LibMiniMsgBus\msgtopic.cpp(15,5): warning C4273: “libminimsgbus::msgtopic::subscribe”: dll 链接不一致
E:\study\msg\libminimsgbus\MSVG\LibMiniMsgBus\msgtopic.h(36,23): message : 参见“subscribe”的前一个定义
E:\study\msg\libminimsgbus\MSVG\LibMiniMsgBus\msgtopic.cpp(20,5): warning C4273: “libminimsgbus::msgtopic::publish”: dll 链接不一致
E:\study\msg\libminimsgbus\MSVG\LibMiniMsgBus\msgtopic.h(44,27): message : 参见“publish”的前一个定义
  NetMsgBus.cpp
E:\study\msg\libminimsgbus\MSVG\LibMiniMsgBus\MsgDef.h(118,15): warning C4305: “初始化”: 从“int”到“char”截断
E:\study\msg\libminimsgbus\MSVG\LibMiniMsgBus\MsgDef.h(118,16): warning C4309: “初始化”: 截断常量值
E:\study\LibMiniMsgBus\Uitl\Tools.h(25,13): warning C4244: “=”: 从“int64_t”转换到“char”，可能丢失数据
E:\study\LibMiniMsgBus\Uitl\Tools.h(26,17): warning C4244: “=”: 从“int64_t”转换到“char”，可能丢失数据
E:\study\LibMiniMsgBus\Uitl\Tools.h(27,17): warning C4244: “=”: 从“int64_t”转换到“char”，可能丢失数据
E:\study\LibMiniMsgBus\Uitl\Tools.h(28,17): warning C4244: “=”: 从“int64_t”转换到“char”，可能丢失数据
E:\study\LibMiniMsgBus\Uitl\Tools.h(29,17): warning C4244: “=”: 从“int64_t”转换到“char”，可能丢失数据
E:\study\LibMiniMsgBus\Uitl\Tools.h(30,17): warning C4244: “=”: 从“int64_t”转换到“char”，可能丢失数据
E:\study\LibMiniMsgBus\Uitl\Tools.h(31,17): warning C4244: “=”: 从“int64_t”转换到“char”，可能丢失数据
E:\study\msg\libminimsgbus\MSVG\LibMiniMsgBus\Util.h(24,1): warning C4267: “参数”: 从“size_t”转换到“int”，可能丢失数据
E:\study\msg\libminimsgbus\MSVG\LibMiniMsgBus\Util.h(113,1): warning C4267: “初始化”: 从“size_t”转换到“int”，可能丢失数据
E:\study\msg\libminimsgbus\MSVG\LibMiniMsgBus\Util.h(134,28): warning C4018: “<”: 有符号/无符号不匹配
  NonCopyable.cpp
  ObjSubMgr.cpp
  PtpFactory.cpp
E:\study\msg\libminimsgbus\MSVG\LibMiniMsgBus\PtpFactory.cpp(7,5): warning C4273: “libminimsgbus::PtpFactory::Create”: dll 链接不一致
E:\study\msg\libminimsgbus\MSVG\LibMiniMsgBus\PtpFactory.h(20,27): message : 参见“Create”的前一个定义
E:\study\msg\libminimsgbus\MSVG\LibMiniMsgBus\PtpFactory.cpp(13,5): warning C4273: “libminimsgbus::PtpFactory::CreatePoint”: dll 链接不一致
E:\study\msg\libminimsgbus\MSVG\LibMiniMsgBus\PtpFactory.h(21,28): message : 参见“CreatePoint”的前一个定义
  PtPNet.cpp
E:\study\msg\libminimsgbus\MSVG\LibMiniMsgBus\MsgDef.h(118,15): warning C4305: “初始化”: 从“int”到“char”截断
E:\study\msg\libminimsgbus\MSVG\LibMiniMsgBus\MsgDef.h(118,16): warning C4309: “初始化”: 截断常量值
E:\study\msg\libminimsgbus\MSVG\LibMiniMsgBus\PtPNet.cpp(10,42): warning C4267: “初始化”: 从“size_t”转换到“int”，可能丢失数据
E:\study\msg\libminimsgbus\MSVG\LibMiniMsgBus\PtPNet.cpp(11,41): warning C4267: “初始化”: 从“size_t”转换到“int”，可能丢失数据
  PubMgr.cpp
E:\study\msg\libminimsgbus\MSVG\LibMiniMsgBus\MsgDef.h(118,15): warning C4305: “初始化”: 从“int”到“char”截断
E:\study\msg\libminimsgbus\MSVG\LibMiniMsgBus\MsgDef.h(118,16): warning C4309: “初始化”: 截断常量值
E:\study\LibMiniMsgBus\Uitl\Tools.h(25,13): warning C4244: “=”: 从“int64_t”转换到“char”，可能丢失数据
E:\study\LibMiniMsgBus\Uitl\Tools.h(26,17): warning C4244: “=”: 从“int64_t”转换到“char”，可能丢失数据
E:\study\LibMiniMsgBus\Uitl\Tools.h(27,17): warning C4244: “=”: 从“int64_t”转换到“char”，可能丢失数据
E:\study\LibMiniMsgBus\Uitl\Tools.h(28,17): warning C4244: “=”: 从“int64_t”转换到“char”，可能丢失数据
E:\study\LibMiniMsgBus\Uitl\Tools.h(29,17): warning C4244: “=”: 从“int64_t”转换到“char”，可能丢失数据
E:\study\LibMiniMsgBus\Uitl\Tools.h(30,17): warning C4244: “=”: 从“int64_t”转换到“char”，可能丢失数据
E:\study\LibMiniMsgBus\Uitl\Tools.h(31,17): warning C4244: “=”: 从“int64_t”转换到“char”，可能丢失数据
E:\study\msg\libminimsgbus\MSVG\LibMiniMsgBus\Util.h(24,1): warning C4267: “参数”: 从“size_t”转换到“int”，可能丢失数据
E:\study\msg\libminimsgbus\MSVG\LibMiniMsgBus\Util.h(113,1): warning C4267: “初始化”: 从“size_t”转换到“int”，可能丢失数据
E:\study\msg\libminimsgbus\MSVG\LibMiniMsgBus\Util.h(134,28): warning C4018: “<”: 有符号/无符号不匹配
E:\study\msg\libminimsgbus\MSVG\LibMiniMsgBus\PubMgr.cpp(254,1): warning C4267: “参数”: 从“size_t”转换到“int”，可能丢失数据
E:\study\msg\libminimsgbus\MSVG\LibMiniMsgBus\PubMgr.cpp(277,37): warning C4267: “初始化”: 从“size_t”转换到“int”，可能丢失数据
E:\study\msg\libminimsgbus\MSVG\LibMiniMsgBus\PubMgr.cpp(278,78): warning C4267: “参数”: 从“size_t”转换到“int”，可能丢失数据
E:\study\msg\libminimsgbus\MSVG\LibMiniMsgBus\PubMgr.cpp(296,40): warning C4838: 从“std::atomic<__int64>”转换到“uint64_t”需要收缩转换
E:\study\msg\libminimsgbus\MSVG\LibMiniMsgBus\PubMgr.cpp(382,1): warning C4267: “参数”: 从“size_t”转换到“int”，可能丢失数据
  PubTable.cpp
  SubMgr.cpp
E:\study\msg\libminimsgbus\MSVG\LibMiniMsgBus\MsgDef.h(118,15): warning C4305: “初始化”: 从“int”到“char”截断
E:\study\msg\libminimsgbus\MSVG\LibMiniMsgBus\MsgDef.h(118,16): warning C4309: “初始化”: 截断常量值
E:\study\LibMiniMsgBus\Uitl\Tools.h(25,13): warning C4244: “=”: 从“int64_t”转换到“char”，可能丢失数据
E:\study\LibMiniMsgBus\Uitl\Tools.h(26,17): warning C4244: “=”: 从“int64_t”转换到“char”，可能丢失数据
E:\study\LibMiniMsgBus\Uitl\Tools.h(27,17): warning C4244: “=”: 从“int64_t”转换到“char”，可能丢失数据
E:\study\LibMiniMsgBus\Uitl\Tools.h(28,17): warning C4244: “=”: 从“int64_t”转换到“char”，可能丢失数据
E:\study\LibMiniMsgBus\Uitl\Tools.h(29,17): warning C4244: “=”: 从“int64_t”转换到“char”，可能丢失数据
E:\study\LibMiniMsgBus\Uitl\Tools.h(30,17): warning C4244: “=”: 从“int64_t”转换到“char”，可能丢失数据
E:\study\LibMiniMsgBus\Uitl\Tools.h(31,17): warning C4244: “=”: 从“int64_t”转换到“char”，可能丢失数据
E:\study\msg\libminimsgbus\MSVG\LibMiniMsgBus\Util.h(24,1): warning C4267: “参数”: 从“size_t”转换到“int”，可能丢失数据
E:\study\msg\libminimsgbus\MSVG\LibMiniMsgBus\Util.h(113,1): warning C4267: “初始化”: 从“size_t”转换到“int”，可能丢失数据
E:\study\msg\libminimsgbus\MSVG\LibMiniMsgBus\Util.h(134,28): warning C4018: “<”: 有符号/无符号不匹配
  subscriber.cpp
E:\study\msg\libminimsgbus\MSVG\LibMiniMsgBus\MsgDef.h(118,15): warning C4305: “初始化”: 从“int”到“char”截断
E:\study\msg\libminimsgbus\MSVG\LibMiniMsgBus\MsgDef.h(118,16): warning C4309: “初始化”: 截断常量值
E:\study\LibMiniMsgBus\Uitl\Tools.h(25,13): warning C4244: “=”: 从“int64_t”转换到“char”，可能丢失数据
E:\study\LibMiniMsgBus\Uitl\Tools.h(26,17): warning C4244: “=”: 从“int64_t”转换到“char”，可能丢失数据
E:\study\LibMiniMsgBus\Uitl\Tools.h(27,17): warning C4244: “=”: 从“int64_t”转换到“char”，可能丢失数据
E:\study\LibMiniMsgBus\Uitl\Tools.h(28,17): warning C4244: “=”: 从“int64_t”转换到“char”，可能丢失数据
E:\study\LibMiniMsgBus\Uitl\Tools.h(29,17): warning C4244: “=”: 从“int64_t”转换到“char”，可能丢失数据
E:\study\LibMiniMsgBus\Uitl\Tools.h(30,17): warning C4244: “=”: 从“int64_t”转换到“char”，可能丢失数据
E:\study\LibMiniMsgBus\Uitl\Tools.h(31,17): warning C4244: “=”: 从“int64_t”转换到“char”，可能丢失数据
E:\study\msg\libminimsgbus\MSVG\LibMiniMsgBus\Util.h(24,1): warning C4267: “参数”: 从“size_t”转换到“int”，可能丢失数据
E:\study\msg\libminimsgbus\MSVG\LibMiniMsgBus\Util.h(113,1): warning C4267: “初始化”: 从“size_t”转换到“int”，可能丢失数据
E:\study\msg\libminimsgbus\MSVG\LibMiniMsgBus\Util.h(134,28): warning C4018: “<”: 有符号/无符号不匹配
  SubTable.cpp
E:\study\msg\libminimsgbus\MSVG\LibMiniMsgBus\MsgDef.h(118,15): warning C4305: “初始化”: 从“int”到“char”截断
E:\study\msg\libminimsgbus\MSVG\LibMiniMsgBus\MsgDef.h(118,16): warning C4309: “初始化”: 截断常量值
E:\study\msg\libminimsgbus\MSVG\LibMiniMsgBus\SubTable.cpp(17,57): warning C4267: “初始化”: 从“size_t”转换到“int”，可能丢失数据
  正在生成代码...
E:\study\msg\libminimsgbus\MSVG\LibMiniMsgBus\PtpFactory.cpp(10): warning C4172: 返回局部变量或临时变量的地址: tmp
E:\study\msg\libminimsgbus\MSVG\LibMiniMsgBus\BusFactory.cpp(22): warning C4172: 返回局部变量或临时变量的地址: inp
E:\study\msg\libminimsgbus\MSVG\LibMiniMsgBus\BusFactory.cpp(25): warning C4172: 返回局部变量或临时变量的地址: ipc
E:\study\msg\libminimsgbus\MSVG\LibMiniMsgBus\BusFactory.cpp(28): warning C4172: 返回局部变量或临时变量的地址: bus
E:\study\msg\libminimsgbus\MSVG\LibMiniMsgBus\BusFactory.cpp(31): warning C4172: 返回局部变量或临时变量的地址: bus
  正在编译...
  TopicBroadcast.cpp
E:\study\LibMiniMsgBus\Uitl\Tools.h(25,13): warning C4244: “=”: 从“int64_t”转换到“char”，可能丢失数据
E:\study\LibMiniMsgBus\Uitl\Tools.h(26,17): warning C4244: “=”: 从“int64_t”转换到“char”，可能丢失数据
E:\study\LibMiniMsgBus\Uitl\Tools.h(27,17): warning C4244: “=”: 从“int64_t”转换到“char”，可能丢失数据
E:\study\LibMiniMsgBus\Uitl\Tools.h(28,17): warning C4244: “=”: 从“int64_t”转换到“char”，可能丢失数据
E:\study\LibMiniMsgBus\Uitl\Tools.h(29,17): warning C4244: “=”: 从“int64_t”转换到“char”，可能丢失数据
E:\study\LibMiniMsgBus\Uitl\Tools.h(30,17): warning C4244: “=”: 从“int64_t”转换到“char”，可能丢失数据
E:\study\LibMiniMsgBus\Uitl\Tools.h(31,17): warning C4244: “=”: 从“int64_t”转换到“char”，可能丢失数据
E:\study\msg\libminimsgbus\MSVG\LibMiniMsgBus\MsgDef.h(118,15): warning C4305: “初始化”: 从“int”到“char”截断
E:\study\msg\libminimsgbus\MSVG\LibMiniMsgBus\MsgDef.h(118,16): warning C4309: “初始化”: 截断常量值
E:\study\msg\libminimsgbus\MSVG\LibMiniMsgBus\Util.h(24,1): warning C4267: “参数”: 从“size_t”转换到“int”，可能丢失数据
E:\study\msg\libminimsgbus\MSVG\LibMiniMsgBus\Util.h(113,1): warning C4267: “初始化”: 从“size_t”转换到“int”，可能丢失数据
E:\study\msg\libminimsgbus\MSVG\LibMiniMsgBus\Util.h(134,28): warning C4018: “<”: 有符号/无符号不匹配
E:\study\msg\libminimsgbus\MSVG\LibMiniMsgBus\TopicBroadcast.cpp(118,33): warning C4267: “初始化”: 从“size_t”转换到“int”，可能丢失数据
E:\study\msg\libminimsgbus\MSVG\LibMiniMsgBus\TopicBroadcast.cpp(119,49): warning C4267: “初始化”: 从“size_t”转换到“int”，可能丢失数据
  Util.cpp
E:\study\LibMiniMsgBus\Uitl\Tools.h(25,13): warning C4244: “=”: 从“int64_t”转换到“char”，可能丢失数据
E:\study\LibMiniMsgBus\Uitl\Tools.h(26,17): warning C4244: “=”: 从“int64_t”转换到“char”，可能丢失数据
E:\study\LibMiniMsgBus\Uitl\Tools.h(27,17): warning C4244: “=”: 从“int64_t”转换到“char”，可能丢失数据
E:\study\LibMiniMsgBus\Uitl\Tools.h(28,17): warning C4244: “=”: 从“int64_t”转换到“char”，可能丢失数据
E:\study\LibMiniMsgBus\Uitl\Tools.h(29,17): warning C4244: “=”: 从“int64_t”转换到“char”，可能丢失数据
E:\study\LibMiniMsgBus\Uitl\Tools.h(30,17): warning C4244: “=”: 从“int64_t”转换到“char”，可能丢失数据
E:\study\LibMiniMsgBus\Uitl\Tools.h(31,17): warning C4244: “=”: 从“int64_t”转换到“char”，可能丢失数据
E:\study\msg\libminimsgbus\MSVG\LibMiniMsgBus\MsgDef.h(118,15): warning C4305: “初始化”: 从“int”到“char”截断
E:\study\msg\libminimsgbus\MSVG\LibMiniMsgBus\MsgDef.h(118,16): warning C4309: “初始化”: 截断常量值
E:\study\msg\libminimsgbus\MSVG\LibMiniMsgBus\Util.h(24,1): warning C4267: “参数”: 从“size_t”转换到“int”，可能丢失数据
E:\study\msg\libminimsgbus\MSVG\LibMiniMsgBus\Util.h(113,1): warning C4267: “初始化”: 从“size_t”转换到“int”，可能丢失数据
E:\study\msg\libminimsgbus\MSVG\LibMiniMsgBus\Util.h(134,28): warning C4018: “<”: 有符号/无符号不匹配
  正在生成代码...
E:\study\msg\libminimsgbus\MSVG\LibMiniMsgBus\Util.h(109): warning C4715: “Util::StringSplit”: 不是所有的控件路径都返回值
    正在创建库 E:\study\msg\libminimsgbus\MSVG\x64\Debug\libminimsgbus.lib 和对象 E:\study\msg\libminimsgbus\MSVG\x64\Debug\libminimsgbus.exp
LINK : warning LNK4217: 符号“??0msgtopic@libminimsgbus@@QEAA@XZ (public: __cdecl libminimsgbus::msgtopic::msgtopic(void))”(在“ msgtopic.obj”中定义)已由“BusFactory.obj”(函数“"public: __cdecl libminimsgbus::NetMsgBus::NetMsgBus(void)" (??0NetMsgBus@libminimsgbus@@QEAA@XZ)”中)导入
LINK : warning LNK4217: 符号“??1msgtopic@libminimsgbus@@QEAA@XZ (public: __cdecl libminimsgbus::msgtopic::~msgtopic(void))”(在“ msgtopic.obj”中定义)已由“BusFactory.obj”(函数“"public: __cdecl libminimsgbus::NetMsgBus::~NetMsgBus(void)" (??1NetMsgBus@libminimsgbus@@QEAA@XZ)”中)导入
LINK : warning LNK4217: 符号“?subscribe@msgtopic@libminimsgbus@@QEAAXV?$basic_string@DU?$char_traits@D@std@@V?$allocator@D@2@@std@@@Z (public: void __cdecl libminimsgbus::msgtopic::subscribe(class std::basic_string<char,struct std::char_traits<char>,class std::allocator<char> >))”(在“ msgtopic.obj”中定义)已由“NetMsgBus.obj”(函数“"private: virtual void __cdecl libminimsgbus::NetMsgBus::subscribe(class std::basic_string<char,struct std::char_traits<char>,class std::allocator<char> >)" (?subscribe@NetMsgBus@libminimsgbus@@EEAAXV?$basic_string@DU?$char_traits@D@std@@V?$allocator@D@2@@std@@@Z)”中)导入
LINK : warning LNK4217: 符号“?publish@msgtopic@libminimsgbus@@QEAA_JV?$basic_string@DU?$char_traits@D@std@@V?$allocator@D@2@@std@@QEAD@Z (public: __int64 __cdecl libminimsgbus::msgtopic::publish(class std::basic_string<char,struct std::char_traits<char>,class std::allocator<char> >,char * const))”(在“ msgtopic.obj”中定义)已由“NetMsgBus.obj”(函数“"private: virtual unsigned __int64 __cdecl libminimsgbus::NetMsgBus::publish(class std::basic_string<char,struct std::char_traits<char>,class std::allocator<char> >,char * const,int)" (?publish@NetMsgBus@libminimsgbus@@EEAA_KV?$basic_string@DU?$char_traits@D@std@@V?$allocator@D@2@@std@@QEADH@Z)”中)导入
  LibMiniMsgBus.vcxproj -> E:\study\msg\libminimsgbus\MSVG\x64\Debug\libminimsgbus.dll
