e:\study\msg\libminimsgbus\msvg\libminimsgbus\x64\debug\libminimsgbus.pch
e:\study\msg\libminimsgbus\msvg\libminimsgbus\x64\debug\vc142.pdb
e:\study\msg\libminimsgbus\msvg\libminimsgbus\x64\debug\vc142.idb
e:\study\msg\libminimsgbus\msvg\libminimsgbus\x64\debug\pch.sbr
e:\study\msg\libminimsgbus\msvg\libminimsgbus\x64\debug\pch.obj
e:\study\msg\libminimsgbus\msvg\libminimsgbus\x64\debug\busfactory.sbr
e:\study\msg\libminimsgbus\msvg\libminimsgbus\x64\debug\dllmain.sbr
e:\study\msg\libminimsgbus\msvg\libminimsgbus\x64\debug\iminimsgbus.sbr
e:\study\msg\libminimsgbus\msvg\libminimsgbus\x64\debug\inprocmsgbus.sbr
e:\study\msg\libminimsgbus\msvg\libminimsgbus\x64\debug\ipcmsgbus.sbr
e:\study\msg\libminimsgbus\msvg\libminimsgbus\x64\debug\iptpnet.sbr
e:\study\msg\libminimsgbus\msvg\libminimsgbus\x64\debug\localtopic.sbr
e:\study\msg\libminimsgbus\msvg\libminimsgbus\x64\debug\msglocalnode.sbr
e:\study\msg\libminimsgbus\msvg\libminimsgbus\x64\debug\msgtopic.sbr
e:\study\msg\libminimsgbus\msvg\libminimsgbus\x64\debug\netmsgbus.sbr
e:\study\msg\libminimsgbus\msvg\libminimsgbus\x64\debug\noncopyable.sbr
e:\study\msg\libminimsgbus\msvg\libminimsgbus\x64\debug\objsubmgr.sbr
e:\study\msg\libminimsgbus\msvg\libminimsgbus\x64\debug\ptpfactory.sbr
e:\study\msg\libminimsgbus\msvg\libminimsgbus\x64\debug\ptpnet.sbr
e:\study\msg\libminimsgbus\msvg\libminimsgbus\x64\debug\pubmgr.sbr
e:\study\msg\libminimsgbus\msvg\libminimsgbus\x64\debug\pubtable.sbr
e:\study\msg\libminimsgbus\msvg\libminimsgbus\x64\debug\submgr.sbr
e:\study\msg\libminimsgbus\msvg\libminimsgbus\x64\debug\subscriber.sbr
e:\study\msg\libminimsgbus\msvg\libminimsgbus\x64\debug\subtable.sbr
e:\study\msg\libminimsgbus\msvg\libminimsgbus\x64\debug\topicbroadcast.sbr
e:\study\msg\libminimsgbus\msvg\libminimsgbus\x64\debug\topicbroadcast.obj
e:\study\msg\libminimsgbus\msvg\libminimsgbus\x64\debug\subtable.obj
e:\study\msg\libminimsgbus\msvg\libminimsgbus\x64\debug\subscriber.obj
e:\study\msg\libminimsgbus\msvg\libminimsgbus\x64\debug\submgr.obj
e:\study\msg\libminimsgbus\msvg\libminimsgbus\x64\debug\pubtable.obj
e:\study\msg\libminimsgbus\msvg\libminimsgbus\x64\debug\pubmgr.obj
e:\study\msg\libminimsgbus\msvg\libminimsgbus\x64\debug\ptpnet.obj
e:\study\msg\libminimsgbus\msvg\libminimsgbus\x64\debug\ptpfactory.obj
e:\study\msg\libminimsgbus\msvg\libminimsgbus\x64\debug\objsubmgr.obj
e:\study\msg\libminimsgbus\msvg\libminimsgbus\x64\debug\noncopyable.obj
e:\study\msg\libminimsgbus\msvg\libminimsgbus\x64\debug\netmsgbus.obj
e:\study\msg\libminimsgbus\msvg\libminimsgbus\x64\debug\msgtopic.obj
e:\study\msg\libminimsgbus\msvg\libminimsgbus\x64\debug\msglocalnode.obj
e:\study\msg\libminimsgbus\msvg\libminimsgbus\x64\debug\localtopic.obj
e:\study\msg\libminimsgbus\msvg\libminimsgbus\x64\debug\iptpnet.obj
e:\study\msg\libminimsgbus\msvg\libminimsgbus\x64\debug\ipcmsgbus.obj
e:\study\msg\libminimsgbus\msvg\libminimsgbus\x64\debug\inprocmsgbus.obj
e:\study\msg\libminimsgbus\msvg\libminimsgbus\x64\debug\iminimsgbus.obj
e:\study\msg\libminimsgbus\msvg\libminimsgbus\x64\debug\dllmain.obj
e:\study\msg\libminimsgbus\msvg\libminimsgbus\x64\debug\busfactory.obj
e:\study\msg\libminimsgbus\msvg\libminimsgbus\x64\debug\util.sbr
e:\study\msg\libminimsgbus\msvg\libminimsgbus\x64\debug\util.obj
e:\study\msg\libminimsgbus\msvg\x64\debug\libminimsgbus.lib
e:\study\msg\libminimsgbus\msvg\x64\debug\libminimsgbus.exp
e:\study\msg\libminimsgbus\msvg\libminimsgbus\x64\debug\libminimsgbus.ilk
e:\study\msg\libminimsgbus\msvg\x64\debug\libminimsgbus.dll
e:\study\msg\libminimsgbus\msvg\x64\debug\libminimsgbus.pdb
e:\study\msg\libminimsgbus\msvg\x64\debug\libminimsgbus.bsc
e:\study\msg\libminimsgbus\msvg\libminimsgbus\x64\debug\libminimsgbus.tlog\bscmake.command.1.tlog
e:\study\msg\libminimsgbus\msvg\libminimsgbus\x64\debug\libminimsgbus.tlog\bscmake.read.1.tlog
e:\study\msg\libminimsgbus\msvg\libminimsgbus\x64\debug\libminimsgbus.tlog\cl.command.1.tlog
e:\study\msg\libminimsgbus\msvg\libminimsgbus\x64\debug\libminimsgbus.tlog\cl.read.1.tlog
e:\study\msg\libminimsgbus\msvg\libminimsgbus\x64\debug\libminimsgbus.tlog\cl.write.1.tlog
e:\study\msg\libminimsgbus\msvg\libminimsgbus\x64\debug\libminimsgbus.tlog\libminimsgbus.write.1u.tlog
e:\study\msg\libminimsgbus\msvg\libminimsgbus\x64\debug\libminimsgbus.tlog\link.command.1.tlog
e:\study\msg\libminimsgbus\msvg\libminimsgbus\x64\debug\libminimsgbus.tlog\link.read.1.tlog
e:\study\msg\libminimsgbus\msvg\libminimsgbus\x64\debug\libminimsgbus.tlog\link.write.1.tlog
