e:\study\libmsgbus\msvg\msgtransport\x64\debug\msgtransport.pch
e:\study\libmsgbus\msvg\msgtransport\x64\debug\vc142.pdb
e:\study\libmsgbus\msvg\msgtransport\x64\debug\vc142.idb
e:\study\libmsgbus\msvg\msgtransport\x64\debug\pch.sbr
e:\study\libmsgbus\msvg\msgtransport\x64\debug\pch.obj
e:\study\libmsgbus\msvg\msgtransport\x64\debug\dllmain.sbr
e:\study\libmsgbus\msvg\msgtransport\x64\debug\ipcnative.sbr
e:\study\libmsgbus\msvg\msgtransport\x64\debug\nngdatanative.sbr
e:\study\libmsgbus\msvg\msgtransport\x64\debug\zmqpgm.sbr
e:\study\libmsgbus\msvg\msgtransport\x64\debug\zmqpgm.obj
e:\study\libmsgbus\msvg\msgtransport\x64\debug\nngdatanative.obj
e:\study\libmsgbus\msvg\msgtransport\x64\debug\ipcnative.obj
e:\study\libmsgbus\msvg\msgtransport\x64\debug\dllmain.obj
e:\study\libmsgbus\msvg\msgtransport\x64\debug\msgtransport.ilk
e:\study\libmsgbus\msvg\x64\debug\msgtransport.dll
e:\study\libmsgbus\msvg\x64\debug\msgtransport.pdb
e:\study\libmsgbus\msvg\x64\debug\msgtransport.lib
e:\study\libmsgbus\msvg\x64\debug\msgtransport.exp
e:\study\libmsgbus\msvg\x64\debug\msgtransport.bsc
e:\study\libmsgbus\msvg\msgtransport\x64\debug\msgtransport.tlog\bscmake.command.1.tlog
e:\study\libmsgbus\msvg\msgtransport\x64\debug\msgtransport.tlog\bscmake.read.1.tlog
e:\study\libmsgbus\msvg\msgtransport\x64\debug\msgtransport.tlog\cl.command.1.tlog
e:\study\libmsgbus\msvg\msgtransport\x64\debug\msgtransport.tlog\cl.read.1.tlog
e:\study\libmsgbus\msvg\msgtransport\x64\debug\msgtransport.tlog\cl.write.1.tlog
e:\study\libmsgbus\msvg\msgtransport\x64\debug\msgtransport.tlog\link.command.1.tlog
e:\study\libmsgbus\msvg\msgtransport\x64\debug\msgtransport.tlog\link.read.1.tlog
e:\study\libmsgbus\msvg\msgtransport\x64\debug\msgtransport.tlog\link.write.1.tlog
e:\study\libmsgbus\msvg\msgtransport\x64\debug\msgtransport.tlog\msgtransport.write.1u.tlog
