e:\study\libmsgbus\msvg\uitl\x64\debug\util.pch
e:\study\libmsgbus\msvg\uitl\x64\debug\vc142.pdb
e:\study\libmsgbus\msvg\uitl\x64\debug\vc142.idb
e:\study\libmsgbus\msvg\uitl\x64\debug\pch.sbr
e:\study\libmsgbus\msvg\uitl\x64\debug\pch.obj
e:\study\libmsgbus\msvg\uitl\x64\debug\dllmain.sbr
e:\study\libmsgbus\msvg\uitl\x64\debug\bussemaphore.sbr
e:\study\libmsgbus\msvg\uitl\x64\debug\bussemaphore.obj
e:\study\libmsgbus\msvg\uitl\x64\debug\dllmain.obj
e:\study\libmsgbus\msvg\uitl\x64\debug\util.ilk
e:\study\libmsgbus\msvg\x64\debug\util.dll
e:\study\libmsgbus\msvg\x64\debug\util.pdb
e:\study\libmsgbus\msvg\x64\debug\util.bsc
e:\study\libmsgbus\msvg\uitl\x64\debug\util.tlog\bscmake.command.1.tlog
e:\study\libmsgbus\msvg\uitl\x64\debug\util.tlog\bscmake.read.1.tlog
e:\study\libmsgbus\msvg\uitl\x64\debug\util.tlog\cl.command.1.tlog
e:\study\libmsgbus\msvg\uitl\x64\debug\util.tlog\cl.read.1.tlog
e:\study\libmsgbus\msvg\uitl\x64\debug\util.tlog\cl.write.1.tlog
e:\study\libmsgbus\msvg\uitl\x64\debug\util.tlog\link.command.1.tlog
e:\study\libmsgbus\msvg\uitl\x64\debug\util.tlog\link.read.1.tlog
e:\study\libmsgbus\msvg\uitl\x64\debug\util.tlog\link.write.1.tlog
